<?xml version="1.0" encoding="UTF-8"?>
<!-- Generated by org.testng.reporters.JUnitXMLReporter -->
<testsuite hostname="steven-janiis" name="Surefire test" tests="1" failures="1" timestamp="14 Feb 2019 18:19:45 GMT" time="2.671" errors="0">
  <testcase name="testMultiplicationEndpoint" time="0.004" classname="com.steven.nagie.api.MultiModuleTestIT">
    <failure type="java.lang.AssertionError" message="expected [100] but found [10]">
      <![CDATA[java.lang.AssertionError: expected [100] but found [10]
	at com.steven.nagie.api.MultiModuleTestIT.testMultiplicationEndpoint(MultiModuleTestIT.java:24)
	at org.springframework.test.context.testng.AbstractTestNGSpringContextTests.run(AbstractTestNGSpringContextTests.java:180)
... Removed 35 stack frames]]>
    </failure>
  </testcase> <!-- testMultiplicationEndpoint -->
</testsuite> <!-- Surefire test -->
